{
  "stats": {
    "suites": 185,
    "tests": 323,
    "passes": 323,
    "pending": 0,
    "failures": 0,
    "start": "2021-10-06T15:58:51.555Z",
    "end": "2021-10-06T16:00:32.845Z",
    "duration": 101290,
    "testsRegistered": 323,
    "passPercent": 100,
    "pendingPercent": 0,
    "other": 0,
    "hasOther": false,
    "skipped": 0,
    "hasSkipped": false
  },
  "results": [
    {
      "uuid": "81c33ff4-6562-4863-bbc9-55d869e56077",
      "title": "",
      "fullFile": "",
      "file": "",
      "beforeHooks": [],
      "afterHooks": [
        {
          "title": "\"after all\" hook in \"{root}\"",
          "fullTitle": "\"after all\" hook in \"{root}\"",
          "timedOut": false,
          "duration": 1,
          "state": null,
          "speed": null,
          "pass": false,
          "fail": false,
          "pending": false,
          "context": null,
          "code": "createdID.forEach((id) => {\n  itinerary.findByIdAndRemove(id, (err) => {\n    if (err) {\n      // console.log(err)\n    }\n  })\n})",
          "err": {},
          "uuid": "45593d75-3412-4bf1-918c-92fb5ed082af",
          "parentUUID": "81c33ff4-6562-4863-bbc9-55d869e56077",
          "isHook": true,
          "skipped": false
        }
      ],
      "tests": [],
      "suites": [
        {
          "uuid": "fd4f85ea-6c84-49e8-81cd-e4338e5bced3",
          "title": "*********** AUTH_ADMIN ***********",
          "fullFile": "C:\\Users\\USUARIO\\Documents\\empresa\\mochileros 3.0\\api\\test\\testAdmin\\auth.js",
          "file": "\\test\\testAdmin\\auth.js",
          "beforeHooks": [],
          "afterHooks": [
            {
              "title": "\"after all\" hook in \"*********** AUTH_ADMIN ***********\"",
              "fullTitle": "*********** AUTH_ADMIN *********** \"after all\" hook in \"*********** AUTH_ADMIN ***********\"",
              "timedOut": false,
              "duration": 0,
              "state": null,
              "speed": null,
              "pass": false,
              "fail": false,
              "pending": false,
              "context": null,
              "code": "createdID.forEach((id) => {\n  User.findByIdAndRemove(id, (err) => {\n    if (err) {\n      // console.log(err)\n    }\n  })\n})",
              "err": {},
              "uuid": "3354d567-b9bf-4b52-af63-70ee9a569aa2",
              "parentUUID": "fd4f85ea-6c84-49e8-81cd-e4338e5bced3",
              "isHook": true,
              "skipped": false
            }
          ],
          "tests": [],
          "suites": [
            {
              "uuid": "06f6fba7-b00e-43cd-8217-afcbcddad64d",
              "title": "/GET /",
              "fullFile": "C:\\Users\\USUARIO\\Documents\\empresa\\mochileros 3.0\\api\\test\\testAdmin\\auth.js",
              "file": "\\test\\testAdmin\\auth.js",
              "beforeHooks": [],
              "afterHooks": [],
              "tests": [
                {
                  "title": "it should GET home user url",
                  "fullTitle": "*********** AUTH_ADMIN *********** /GET / it should GET home user url",
                  "timedOut": false,
                  "duration": 43,
                  "state": "passed",
                  "speed": "medium",
                  "pass": true,
                  "fail": false,
                  "pending": false,
                  "context": null,
                  "code": "chai\n  .request(server)\n  .get(`${url}/`)\n  .end((err, res) => {\n    res.should.have.status(200)\n    done()\n  })",
                  "err": {},
                  "uuid": "43554aeb-5636-49fb-8249-33d7d1dcbdcd",
                  "parentUUID": "06f6fba7-b00e-43cd-8217-afcbcddad64d",
                  "isHook": false,
                  "skipped": false
                }
              ],
              "suites": [],
              "passes": [
                "43554aeb-5636-49fb-8249-33d7d1dcbdcd"
              ],
              "failures": [],
              "pending": [],
              "skipped": [],
              "duration": 43,
              "root": false,
              "rootEmpty": false,
              "_timeout": 30000
            },
            {
              "uuid": "c3bb1a6c-131b-48a7-be71-0c58d9e83648",
              "title": "/GET /404url",
              "fullFile": "C:\\Users\\USUARIO\\Documents\\empresa\\mochileros 3.0\\api\\test\\testAdmin\\auth.js",
              "file": "\\test\\testAdmin\\auth.js",
              "beforeHooks": [],
              "afterHooks": [],
              "tests": [
                {
                  "title": "it should GET 404 url",
                  "fullTitle": "*********** AUTH_ADMIN *********** /GET /404url it should GET 404 url",
                  "timedOut": false,
                  "duration": 4,
                  "state": "passed",
                  "speed": "fast",
                  "pass": true,
                  "fail": false,
                  "pending": false,
                  "context": null,
                  "code": "chai\n  .request(server)\n  .get('/404url')\n  .end((err, res) => {\n    res.should.have.status(404)\n    res.body.should.be.an('object')\n    done()\n  })",
                  "err": {},
                  "uuid": "80c163c8-ca5d-4ab4-839b-d7cdde49655e",
                  "parentUUID": "c3bb1a6c-131b-48a7-be71-0c58d9e83648",
                  "isHook": false,
                  "skipped": false
                }
              ],
              "suites": [],
              "passes": [
                "80c163c8-ca5d-4ab4-839b-d7cdde49655e"
              ],
              "failures": [],
              "pending": [],
              "skipped": [],
              "duration": 4,
              "root": false,
              "rootEmpty": false,
              "_timeout": 30000
            },
            {
              "uuid": "232053b0-1603-4e78-a271-2c88e8a10114",
              "title": "/POST login",
              "fullFile": "C:\\Users\\USUARIO\\Documents\\empresa\\mochileros 3.0\\api\\test\\testAdmin\\auth.js",
              "file": "\\test\\testAdmin\\auth.js",
              "beforeHooks": [],
              "afterHooks": [],
              "tests": [
                {
                  "title": "error login",
                  "fullTitle": "*********** AUTH_ADMIN *********** /POST login error login",
                  "timedOut": false,
                  "duration": 220,
                  "state": "passed",
                  "speed": "slow",
                  "pass": true,
                  "fail": false,
                  "pending": false,
                  "context": null,
                  "code": "chai\n  .request(server)\n  .post(`${url}/login`)\n  .send({ email: 'admin@admin.com', password: 'error password' })\n  .end((err, res) => {\n    res.should.have.status(422)\n    res.body.should.have.property('errors').eql({ msg: { msg: 'WRONG_PASSWORD' } })\n    res.body.should.be.an('object')\n    done()\n  })",
                  "err": {},
                  "uuid": "555433e2-ba97-4941-8142-302e6e0902b5",
                  "parentUUID": "232053b0-1603-4e78-a271-2c88e8a10114",
                  "isHook": false,
                  "skipped": false
                },
                {
                  "title": "it should GET token",
                  "fullTitle": "*********** AUTH_ADMIN *********** /POST login it should GET token",
                  "timedOut": false,
                  "duration": 289,
                  "state": "passed",
                  "speed": "slow",
                  "pass": true,
                  "fail": false,
                  "pending": false,
                  "context": null,
                  "code": "chai\n  .request(server)\n  .post(`${url}/login`)\n  .send(loginDetails)\n  .end((err, res) => {\n    const { body } = res\n    res.should.have.status(200)\n    body.should.be.an('object')\n    body.should.include.keys('accessToken', 'user')\n    token = res.body.accessToken\n    done()\n  })",
                  "err": {},
                  "uuid": "b5a75f80-ce8e-485b-89b9-c89d616ab548",
                  "parentUUID": "232053b0-1603-4e78-a271-2c88e8a10114",
                  "isHook": false,
                  "skipped": false
                }
              ],
              "suites": [],
              "passes": [
                "555433e2-ba97-4941-8142-302e6e0902b5",
                "b5a75f80-ce8e-485b-89b9-c89d616ab548"
              ],
              "failures": [],
              "pending": [],
              "skipped": [],
              "duration": 509,
              "root": false,
              "rootEmpty": false,
              "_timeout": 30000
            },
            {
              "uuid": "90144a13-4f99-46c2-adf8-2cd539286233",
              "title": "/POST register",
              "fullFile": "C:\\Users\\USUARIO\\Documents\\empresa\\mochileros 3.0\\api\\test\\testAdmin\\auth.js",
              "file": "\\test\\testAdmin\\auth.js",
              "beforeHooks": [],
              "afterHooks": [],
              "tests": [
                {
                  "title": "it should POST register",
                  "fullTitle": "*********** AUTH_ADMIN *********** /POST register it should POST register",
                  "timedOut": false,
                  "duration": 101,
                  "state": "passed",
                  "speed": "slow",
                  "pass": true,
                  "fail": false,
                  "pending": false,
                  "context": null,
                  "code": "const user = {\n  name: faker.random.words(),\n  surname: faker.random.words(),\n  email,\n  password: faker.random.words()\n}\nchai\n  .request(server)\n  .post(`${url}/register`)\n  .send(user)\n  .end((err, res) => {\n    const { body } = res\n    res.should.have.status(200)\n    body.should.be.an('object')\n    body.should.include.keys('accessToken', 'user')\n    body.user.should.have.property('email').eql(email.toLowerCase())\n    createdID.push(res.body.user._id)\n    done()\n  })",
                  "err": {},
                  "uuid": "3d50a2dc-2ae7-41e1-b858-3067f7222698",
                  "parentUUID": "90144a13-4f99-46c2-adf8-2cd539286233",
                  "isHook": false,
                  "skipped": false
                },
                {
                  "title": "it should NOT POST a register empty values",
                  "fullTitle": "*********** AUTH_ADMIN *********** /POST register it should NOT POST a register empty values",
                  "timedOut": false,
                  "duration": 4,
                  "state": "passed",
                  "speed": "fast",
                  "pass": true,
                  "fail": false,
                  "pending": false,
                  "context": null,
                  "code": "const user = {\n  surname: faker.random.words()\n}\nchai\n  .request(server)\n  .post(`${url}/register`)\n  .send(user)\n  .end((err, res) => {\n    const { body } = res\n    res.should.have.status(422)\n    body.should.be.a('object')\n    body.should.have.property('errors')\n    const { errors } = body\n    errors.should.have.property('msg').be.a('array')\n    done()\n  })",
                  "err": {},
                  "uuid": "a17810b3-c54e-47a7-9ba5-020a86c7e2df",
                  "parentUUID": "90144a13-4f99-46c2-adf8-2cd539286233",
                  "isHook": false,
                  "skipped": false
                },
                {
                  "title": "it should NOT POST a register if email already exists",
                  "fullTitle": "*********** AUTH_ADMIN *********** /POST register it should NOT POST a register if email already exists",
                  "timedOut": false,
                  "duration": 117,
                  "state": "passed",
                  "speed": "slow",
                  "pass": true,
                  "fail": false,
                  "pending": false,
                  "context": null,
                  "code": "const user = {\n  name: faker.random.words(),\n  surname: faker.random.words(),\n  email,\n  password: faker.random.words()\n}\nchai\n  .request(server)\n  .post(`${url}/register`)\n  .send(user)\n  .end((err, res) => {\n    const { body } = res\n    res.should.have.status(422)\n    body.should.be.a('object')\n    body.should.have.property('errors')\n    const { msg } = body.errors\n    const message = `E11000 duplicate key error collection: oauth_service.users index: email_1 dup key: { email: \"${email.toLowerCase()}\" }`\n    msg.should.have.property('msg').eql(message)\n    done()\n  })",
                  "err": {},
                  "uuid": "901e1d61-bb92-4c24-bbd3-a094445b4f9d",
                  "parentUUID": "90144a13-4f99-46c2-adf8-2cd539286233",
                  "isHook": false,
                  "skipped": false
                }
              ],
              "suites": [],
              "passes": [
                "3d50a2dc-2ae7-41e1-b858-3067f7222698",
                "a17810b3-c54e-47a7-9ba5-020a86c7e2df",
                "901e1d61-bb92-4c24-bbd3-a094445b4f9d"
              ],
              "failures": [],
              "pending": [],
              "skipped": [],
              "duration": 222,
              "root": false,
              "rootEmpty": false,
              "_timeout": 30000
            },
            {
              "uuid": "afea712e-ca3f-460f-bac8-6fd9cf03875c",
              "title": "/POST forgot",
              "fullFile": "C:\\Users\\USUARIO\\Documents\\empresa\\mochileros 3.0\\api\\test\\testAdmin\\auth.js",
              "file": "\\test\\testAdmin\\auth.js",
              "beforeHooks": [],
              "afterHooks": [],
              "tests": [
                {
                  "title": "it should Error  POST forgot",
                  "fullTitle": "*********** AUTH_ADMIN *********** /POST forgot it should Error  POST forgot",
                  "timedOut": false,
                  "duration": 103,
                  "state": "passed",
                  "speed": "slow",
                  "pass": true,
                  "fail": false,
                  "pending": false,
                  "context": null,
                  "code": "chai\n  .request(server)\n  .post(`${url}/forgot`)\n  .send({\n    email: faker.internet.email()\n  })\n  .end((err, res) => {\n    const { body } = res\n    res.should.have.status(422)\n    body.should.be.an('object')\n    body.should.have.property('errors')\n    body.errors.should.have.property('msg').eql({ msg: 'USER_DOES_NOT_EXIST' })\n    verificationForgot = res.body.verification\n    done()\n  })",
                  "err": {},
                  "uuid": "a3a509c8-eab9-499d-af1e-4ef3a6eca039",
                  "parentUUID": "afea712e-ca3f-460f-bac8-6fd9cf03875c",
                  "isHook": false,
                  "skipped": false
                },
                {
                  "title": "it should POST forgot",
                  "fullTitle": "*********** AUTH_ADMIN *********** /POST forgot it should POST forgot",
                  "timedOut": false,
                  "duration": 238,
                  "state": "passed",
                  "speed": "slow",
                  "pass": true,
                  "fail": false,
                  "pending": false,
                  "context": null,
                  "code": "const object = {\n  email\n}\nchai\n  .request(server)\n  .post(`${url}/forgot`)\n  .send(object)\n  .end((err, res) => {\n    res.should.have.status(200)\n    res.body.should.be.an('object')\n    res.body.should.include.keys('msg', 'verification')\n    verificationForgot = res.body.verification\n    done()\n  })",
                  "err": {},
                  "uuid": "e6a1e477-9fbc-4c9c-80f6-911b97074695",
                  "parentUUID": "afea712e-ca3f-460f-bac8-6fd9cf03875c",
                  "isHook": false,
                  "skipped": false
                }
              ],
              "suites": [],
              "passes": [
                "a3a509c8-eab9-499d-af1e-4ef3a6eca039",
                "e6a1e477-9fbc-4c9c-80f6-911b97074695"
              ],
              "failures": [],
              "pending": [],
              "skipped": [],
              "duration": 341,
              "root": false,
              "rootEmpty": false,
              "_timeout": 30000
            },
            {
              "uuid": "b1c438a1-2da2-4f4f-bc3c-e0f0a94b5d76",
              "title": "/POST reset",
              "fullFile": "C:\\Users\\USUARIO\\Documents\\empresa\\mochileros 3.0\\api\\test\\testAdmin\\auth.js",
              "file": "\\test\\testAdmin\\auth.js",
              "beforeHooks": [],
              "afterHooks": [],
              "tests": [
                {
                  "title": "it should POST reset",
                  "fullTitle": "*********** AUTH_ADMIN *********** /POST reset it should POST reset",
                  "timedOut": false,
                  "duration": 367,
                  "state": "passed",
                  "speed": "slow",
                  "pass": true,
                  "fail": false,
                  "pending": false,
                  "context": null,
                  "code": "chai\n  .request(server)\n  .post(`${url}/resetAdmin`)\n  .send({\n    id: verificationForgot,\n    password: '12345'\n  })\n  .end((err, res) => {\n    res.should.have.status(200)\n    res.body.should.be.a('object')\n    res.body.should.have.property('msg').eql('PASSWORD_CHANGED')\n    done()\n  })",
                  "err": {},
                  "uuid": "610ac548-edce-4fc5-a32a-963bd83da71c",
                  "parentUUID": "b1c438a1-2da2-4f4f-bc3c-e0f0a94b5d76",
                  "isHook": false,
                  "skipped": false
                }
              ],
              "suites": [],
              "passes": [
                "610ac548-edce-4fc5-a32a-963bd83da71c"
              ],
              "failures": [],
              "pending": [],
              "skipped": [],
              "duration": 367,
              "root": false,
              "rootEmpty": false,
              "_timeout": 30000
            },
            {
              "uuid": "fc976aa6-a422-40a3-b049-295e55a232c3",
              "title": "/GET token",
              "fullFile": "C:\\Users\\USUARIO\\Documents\\empresa\\mochileros 3.0\\api\\test\\testAdmin\\auth.js",
              "file": "\\test\\testAdmin\\auth.js",
              "beforeHooks": [],
              "afterHooks": [],
              "tests": [
                {
                  "title": "it should NOT be able to consume the route since no token was sent",
                  "fullTitle": "*********** AUTH_ADMIN *********** /GET token it should NOT be able to consume the route since no token was sent",
                  "timedOut": false,
                  "duration": 3,
                  "state": "passed",
                  "speed": "fast",
                  "pass": true,
                  "fail": false,
                  "pending": false,
                  "context": null,
                  "code": "chai\n  .request(server)\n  .get(`${url}/token`)\n  .end((err, res) => {\n    res.should.have.status(401)\n    done()\n  })",
                  "err": {},
                  "uuid": "2aba34cf-2deb-4f16-a4c5-4922ed44ef1f",
                  "parentUUID": "fc976aa6-a422-40a3-b049-295e55a232c3",
                  "isHook": false,
                  "skipped": false
                },
                {
                  "title": "it should GET a fresh token",
                  "fullTitle": "*********** AUTH_ADMIN *********** /GET token it should GET a fresh token",
                  "timedOut": false,
                  "duration": 403,
                  "state": "passed",
                  "speed": "slow",
                  "pass": true,
                  "fail": false,
                  "pending": false,
                  "context": null,
                  "code": "chai\n  .request(server)\n  .post(`${url}/exchange`)\n  .send({\n    accessToken: token\n  })\n  .end((err, res) => {\n    const { body } = res\n    res.should.have.status(200)\n    body.should.be.an('object')\n    body.should.include.keys('token', 'user')\n    const currentToken = body.token\n    token = currentToken\n    done()\n  })",
                  "err": {},
                  "uuid": "6cb3e015-cbc1-4416-8ac0-e9b63740dcb8",
                  "parentUUID": "fc976aa6-a422-40a3-b049-295e55a232c3",
                  "isHook": false,
                  "skipped": false
                },
                {
                  "title": "it should GET refresh token",
                  "fullTitle": "*********** AUTH_ADMIN *********** /GET token it should GET refresh token",
                  "timedOut": false,
                  "duration": 455,
                  "state": "passed",
                  "speed": "slow",
                  "pass": true,
                  "fail": false,
                  "pending": false,
                  "context": null,
                  "code": "chai\n  .request(server)\n  .get(`${url}/token`)\n  .set('Authorization', `Bearer ${token}`)\n  .end((err, res) => {\n    const { body } = res\n    res.should.have.status(200)\n    body.should.be.an('object')\n    body.should.include.keys('token', 'user', 'settings')\n    done()\n  })",
                  "err": {},
                  "uuid": "40b77a8a-51ee-43b3-a5d5-60392f402550",
                  "parentUUID": "fc976aa6-a422-40a3-b049-295e55a232c3",
                  "isHook": false,
                  "skipped": false
                }
              ],
              "suites": [],
              "passes": [
                "2aba34cf-2deb-4f16-a4c5-4922ed44ef1f",
                "6cb3e015-cbc1-4416-8ac0-e9b63740dcb8",
                "40b77a8a-51ee-43b3-a5d5-60392f402550"
              ],
              "failures": [],
              "pending": [],
              "skipped": [],
              "duration": 861,
              "root": false,
              "rootEmpty": false,
              "_timeout": 30000
            }
          ],
          "passes": [],
          "failures": [],
          "pending": [],
          "skipped": [],
          "duration": 0,
          "root": false,
          "rootEmpty": false,
          "_timeout": 30000
        },
        {
          "uuid": "f1b19726-2ec9-4983-b486-431ebf8c60b4",
          "title": "*********** BLOGS_ADMIN ***********",
          "fullFile": "C:\\Users\\USUARIO\\Documents\\empresa\\mochileros 3.0\\api\\test\\testAdmin\\blogs.js",
          "file": "\\test\\testAdmin\\blogs.js",
          "beforeHooks": [],
          "afterHooks": [
            {
              "title": "\"after all\" hook in \"*********** BLOGS_ADMIN ***********\"",
              "fullTitle": "*********** BLOGS_ADMIN *********** \"after all\" hook in \"*********** BLOGS_ADMIN ***********\"",
              "timedOut": false,
              "duration": 0,
              "state": null,
              "speed": null,
              "pass": false,
              "fail": false,
              "pending": false,
              "context": null,
              "code": "createdID.forEach((idBlog) => {\n  Blog.findByIdAndRemove(idBlog, (err) => {\n    if (err) {\n      // console.log(err)\n    }\n  })\n})",
              "err": {},
              "uuid": "ccc146f4-98b8-4052-852d-54c87815a7a8",
              "parentUUID": "f1b19726-2ec9-4983-b486-431ebf8c60b4",
              "isHook": true,
              "skipped": false
            }
          ],
          "tests": [],
          "suites": [
            {
              "uuid": "9730bcf6-1c49-42e7-ada6-a2cf5b318186",
              "title": "/POST login",
              "fullFile": "C:\\Users\\USUARIO\\Documents\\empresa\\mochileros 3.0\\api\\test\\testAdmin\\blogs.js",
              "file": "\\test\\testAdmin\\blogs.js",
              "beforeHooks": [],
              "afterHooks": [],
              "tests": [
                {
                  "title": "it should GET token user",
                  "fullTitle": "*********** BLOGS_ADMIN *********** /POST login it should GET token user",
                  "timedOut": false,
                  "duration": 278,
                  "state": "passed",
                  "speed": "slow",
                  "pass": true,
                  "fail": false,
                  "pending": false,
                  "context": null,
                  "code": "chai\n  .request(server)\n  .post(`${url}/login`)\n  .send(loginDetails)\n  .end((err, res) => {\n    res.should.have.status(200)\n    res.body.should.be.an('object')\n    res.body.should.include.keys('accessToken', 'user')\n    const currentAccessToken = res.body.accessToken\n    accessToken = currentAccessToken\n    done()\n  })",
                  "err": {},
                  "uuid": "d6e3d14a-d3bd-4799-b62e-b2d0d45cb7f8",
                  "parentUUID": "9730bcf6-1c49-42e7-ada6-a2cf5b318186",
                  "isHook": false,
                  "skipped": false
                },
                {
                  "title": "it should GET a fresh token",
                  "fullTitle": "*********** BLOGS_ADMIN *********** /POST login it should GET a fresh token",
                  "timedOut": false,
                  "duration": 360,
                  "state": "passed",
                  "speed": "slow",
                  "pass": true,
                  "fail": false,
                  "pending": false,
                  "context": null,
                  "code": "chai\n  .request(server)\n  .post(`${url}/exchange`)\n  .send({\n    accessToken\n  })\n  .end((err, res) => {\n    const { body } = res\n    res.should.have.status(200)\n    body.should.be.an('object')\n    body.should.include.keys('token', 'user')\n    const currentToken = body.token\n    token = currentToken\n    done()\n  })",
                  "err": {},
                  "uuid": "83e90b83-4d1e-4f05-a3f2-8cc47e9f5f87",
                  "parentUUID": "9730bcf6-1c49-42e7-ada6-a2cf5b318186",
                  "isHook": false,
                  "skipped": false
                }
              ],
              "suites": [],
              "passes": [
                "d6e3d14a-d3bd-4799-b62e-b2d0d45cb7f8",
                "83e90b83-4d1e-4f05-a3f2-8cc47e9f5f87"
              ],
              "failures": [],
              "pending": [],
              "skipped": [],
              "duration": 638,
              "root": false,
              "rootEmpty": false,
              "_timeout": 30000
            },
            {
              "uuid": "ac293432-faae-400e-9cd4-b4d590fcf838",
              "title": "/POST blogs",
              "fullFile": "C:\\Users\\USUARIO\\Documents\\empresa\\mochileros 3.0\\api\\test\\testAdmin\\blogs.js",
              "file": "\\test\\testAdmin\\blogs.js",
              "beforeHooks": [],
              "afterHooks": [],
              "tests": [
                {
                  "title": "it should NOT POST a blogs without blogs",
                  "fullTitle": "*********** BLOGS_ADMIN *********** /POST blogs it should NOT POST a blogs without blogs",
                  "timedOut": false,
                  "duration": 196,
                  "state": "passed",
                  "speed": "slow",
                  "pass": true,
                  "fail": false,
                  "pending": false,
                  "context": null,
                  "code": "const blogPostOne = {}\nchai\n  .request(server)\n  .post(`${url}/blogs`)\n  .set('Authorization', `Bearer ${token}`)\n  .send(blogPostOne)\n  .end((err, res) => {\n    res.should.have.status(422)\n    const { body } = res\n    body.should.be.a('object')\n    body.should.have.property('errors')\n    const { errors } = body\n    errors.should.have.property('msg').be.a('array').length(4)\n    done()\n  })",
                  "err": {},
                  "uuid": "0e42f9d5-7c78-4e93-bc1e-9a3e20856d5a",
                  "parentUUID": "ac293432-faae-400e-9cd4-b4d590fcf838",
                  "isHook": false,
                  "skipped": false
                },
                {
                  "title": "it should POST a blogs ",
                  "fullTitle": "*********** BLOGS_ADMIN *********** /POST blogs it should POST a blogs ",
                  "timedOut": false,
                  "duration": 363,
                  "state": "passed",
                  "speed": "slow",
                  "pass": true,
                  "fail": false,
                  "pending": false,
                  "context": null,
                  "code": "const blogsPostTwo = {\n  title,\n  description\n}\nchai\n  .request(server)\n  .post(`${url}/blogs`)\n  .set('Authorization', `Bearer ${token}`)\n  .send(blogsPostTwo)\n  .end((err, res) => {\n    res.should.have.status(201)\n    const { body } = res\n    body.should.be.a('object')\n    body.should.have.property('title').eql(title)\n    body.should.have.property('description').eql(description)\n    body.should.include.keys('_id', 'title', 'description', 'userCreator', 'slug')\n    createdID.push(res.body._id)\n    done()\n  })",
                  "err": {},
                  "uuid": "6ae2bc46-ffab-4d3e-8a20-ca30a049ca57",
                  "parentUUID": "ac293432-faae-400e-9cd4-b4d590fcf838",
                  "isHook": false,
                  "skipped": false
                },
                {
                  "title": "it should NOT be able to consume the route since no token was sent",
                  "fullTitle": "*********** BLOGS_ADMIN *********** /POST blogs it should NOT be able to consume the route since no token was sent",
                  "timedOut": false,
                  "duration": 4,
                  "state": "passed",
                  "speed": "fast",
                  "pass": true,
                  "fail": false,
                  "pending": false,
                  "context": null,
                  "code": "const blogsPostTwo = {\n  title,\n  description\n}\nchai\n  .request(server)\n  .post(`${url}/blogs`)\n  .send(blogsPostTwo)\n  .end((err, res) => {\n    res.should.have.status(401)\n    done()\n  })",
                  "err": {},
                  "uuid": "7c53e2ff-264a-4e62-8e42-ca894348dc60",
                  "parentUUID": "ac293432-faae-400e-9cd4-b4d590fcf838",
                  "isHook": false,
                  "skipped": false
                }
              ],
              "suites": [],
              "passes": [
                "0e42f9d5-7c78-4e93-bc1e-9a3e20856d5a",
                "6ae2bc46-ffab-4d3e-8a20-ca30a049ca57",
                "7c53e2ff-264a-4e62-8e42-ca894348dc60"
              ],
              "failures": [],
              "pending": [],
              "skipped": [],
              "duration": 563,
              "root": false,
              "rootEmpty": false,
              "_timeout": 30000
            },
            {
              "uuid": "c929d00c-93ee-41b5-adb2-e4412f432369",
              "title": "/PATCH/:id blogs",
              "fullFile": "C:\\Users\\USUARIO\\Documents\\empresa\\mochileros 3.0\\api\\test\\testAdmin\\blogs.js",
              "file": "\\test\\testAdmin\\blogs.js",
              "beforeHooks": [],
              "afterHooks": [],
              "tests": [
                {
                  "title": "it should UPDATE a blogs given the id",
                  "fullTitle": "*********** BLOGS_ADMIN *********** /PATCH/:id blogs it should UPDATE a blogs given the id",
                  "timedOut": false,
                  "duration": 273,
                  "state": "passed",
                  "speed": "slow",
                  "pass": true,
                  "fail": false,
                  "pending": false,
                  "context": null,
                  "code": "const firstBlog = createdID.slice(-1).pop()\nchai\n  .request(server)\n  .patch(`${url}/blogs/${firstBlog}`)\n  .set('Authorization', `Bearer ${token}`)\n  .send({\n    title: newtitle,\n    description: newDescription\n  })\n  .end((error, res) => {\n    const { body } = res\n    res.should.have.status(200)\n    body.should.be.a('object')\n    body.should.include.keys('_id', 'title', 'description', 'userCreator', 'slug')\n    body.should.have.property('_id').eql(firstBlog)\n    body.should.have.property('title').eql(newtitle)\n    body.should.have.property('description').eql(newDescription)\n    createdID.push(res.body._id)\n    done()\n  })",
                  "err": {},
                  "uuid": "b3ac2e9a-006d-4bf8-8cdd-d6c3eb3056c2",
                  "parentUUID": "c929d00c-93ee-41b5-adb2-e4412f432369",
                  "isHook": false,
                  "skipped": false
                },
                {
                  "title": "it should NOT be able to consume the route since no token was sent",
                  "fullTitle": "*********** BLOGS_ADMIN *********** /PATCH/:id blogs it should NOT be able to consume the route since no token was sent",
                  "timedOut": false,
                  "duration": 2,
                  "state": "passed",
                  "speed": "fast",
                  "pass": true,
                  "fail": false,
                  "pending": false,
                  "context": null,
                  "code": "const secondId = createdID.slice(-1).pop()\nchai\n  .request(server)\n  .patch(`${url}/blogs/${secondId}`)\n  .send({\n    title: newtitle,\n    description: newDescription\n  })\n  .end((err, res) => {\n    res.should.have.status(401)\n    done()\n  })",
                  "err": {},
                  "uuid": "a1c937b1-00b0-4fd9-b4de-c3c6bd1b53d0",
                  "parentUUID": "c929d00c-93ee-41b5-adb2-e4412f432369",
                  "isHook": false,
                  "skipped": false
                }
              ],
              "suites": [],
              "passes": [
                "b3ac2e9a-006d-4bf8-8cdd-d6c3eb3056c2",
                "a1c937b1-00b0-4fd9-b4de-c3c6bd1b53d0"
              ],
              "failures": [],
              "pending": [],
              "skipped": [],
              "duration": 275,
              "root": false,
              "rootEmpty": false,
              "_timeout": 30000
            },
            {
              "uuid": "8562940b-6e04-4756-a5c9-75d9a18b75f3",
              "title": "/DELETE/:id blogs",
              "fullFile": "C:\\Users\\USUARIO\\Documents\\empresa\\mochileros 3.0\\api\\test\\testAdmin\\blogs.js",
              "file": "\\test\\testAdmin\\blogs.js",
              "beforeHooks": [],
              "afterHooks": [],
              "tests": [
                {
                  "title": "it should DELETE a blogs given the id",
                  "fullTitle": "*********** BLOGS_ADMIN *********** /DELETE/:id blogs it should DELETE a blogs given the id",
                  "timedOut": false,
                  "duration": 639,
                  "state": "passed",
                  "speed": "slow",
                  "pass": true,
                  "fail": false,
                  "pending": false,
                  "context": null,
                  "code": "const blogsdelete = {\n  title: faker.random.words(),\n  description: faker.random.words()\n}\nchai\n  .request(server)\n  .post(`${url}/blogs`)\n  .set('Authorization', `Bearer ${token}`)\n  .send(blogsdelete)\n  .end((err, res) => {\n    res.should.have.status(201)\n    res.body.should.be.a('object')\n    res.body.should.include.keys(\n      '_id',\n      'description',\n      'title',\n      'slug'\n    )\n    chai\n      .request(server)\n      .delete(`${url}/blogs/${res.body._id}`)\n      .set('Authorization', `Bearer ${token}`)\n      .end((error, result) => {\n        const { body } = result\n        result.should.have.status(200)\n        body.should.be.a('object')\n        body.should.have.property('msg').eql('DELETED')\n        done()\n      })\n  })",
                  "err": {},
                  "uuid": "dfc2788e-86a1-4650-aee8-6318be8f1898",
                  "parentUUID": "8562940b-6e04-4756-a5c9-75d9a18b75f3",
                  "isHook": false,
                  "skipped": false
                }
              ],
              "suites": [],
              "passes": [
                "dfc2788e-86a1-4650-aee8-6318be8f1898"
              ],
              "failures": [],
              "pending": [],
              "skipped": [],
              "duration": 639,
              "root": false,
              "rootEmpty": false,
              "_timeout": 30000
            }
          ],
          "passes": [],
          "failures": [],
          "pending": [],
          "skipped": [],
          "duration": 0,
          "root": false,
          "rootEmpty": false,
          "_timeout": 30000
        },
        {
          "uuid": "d1bdc5a0-e4d6-4052-8224-166bc9b35fd6",
          "title": "*********** CATEGORIES_ADMIN ***********",
          "fullFile": "C:\\Users\\USUARIO\\Documents\\empresa\\mochileros 3.0\\api\\test\\testAdmin\\categories.js",
          "file": "\\test\\testAdmin\\categories.js",
          "beforeHooks": [],
          "afterHooks": [
            {
              "title": "\"after all\" hook in \"*********** CATEGORIES_ADMIN ***********\"",
              "fullTitle": "*********** CATEGORIES_ADMIN *********** \"after all\" hook in \"*********** CATEGORIES_ADMIN ***********\"",
              "timedOut": false,
              "duration": 1,
              "state": null,
              "speed": null,
              "pass": false,
              "fail": false,
              "pending": false,
              "context": null,
              "code": "createdID.forEach((id) => {\n  category.findByIdAndRemove(id, (err) => {\n    if (err) {\n      // console.log(err)\n    }\n  })\n})",
              "err": {},
              "uuid": "d5b7b314-c738-4b00-9001-f7f59e152dde",
              "parentUUID": "d1bdc5a0-e4d6-4052-8224-166bc9b35fd6",
              "isHook": true,
              "skipped": false
            }
          ],
          "tests": [],
          "suites": [
            {
              "uuid": "bab7d4a8-b475-42be-96db-cfb0a6235492",
              "title": "/POST login",
              "fullFile": "C:\\Users\\USUARIO\\Documents\\empresa\\mochileros 3.0\\api\\test\\testAdmin\\categories.js",
              "file": "\\test\\testAdmin\\categories.js",
              "beforeHooks": [],
              "afterHooks": [],
              "tests": [
                {
                  "title": "it should GET token user",
                  "fullTitle": "*********** CATEGORIES_ADMIN *********** /POST login it should GET token user",
                  "timedOut": false,
                  "duration": 266,
                  "state": "passed",
                  "speed": "slow",
                  "pass": true,
                  "fail": false,
                  "pending": false,
                  "context": null,
                  "code": "chai\n  .request(server)\n  .post(`${url}/login`)\n  .send(loginDetails)\n  .end((err, res) => {\n    res.should.have.status(200)\n    res.body.should.be.an('object')\n    res.body.should.include.keys('accessToken', 'user')\n    const currentAccessToken = res.body.accessToken\n    accessToken = currentAccessToken\n    done()\n  })",
                  "err": {},
                  "uuid": "ec5b1242-cade-420f-8f21-01ffe4272a5b",
                  "parentUUID": "bab7d4a8-b475-42be-96db-cfb0a6235492",
                  "isHook": false,
                  "skipped": false
                },
                {
                  "title": "it should GET a fresh token",
                  "fullTitle": "*********** CATEGORIES_ADMIN *********** /POST login it should GET a fresh token",
                  "timedOut": false,
                  "duration": 358,
                  "state": "passed",
                  "speed": "slow",
                  "pass": true,
                  "fail": false,
                  "pending": false,
                  "context": null,
                  "code": "chai\n  .request(server)\n  .post(`${url}/exchange`)\n  .send({\n    accessToken\n  })\n  .end((err, res) => {\n    const { body } = res\n    res.should.have.status(200)\n    body.should.be.an('object')\n    body.should.include.keys('token', 'user')\n    const currentToken = body.token\n    token = currentToken\n    done()\n  })",
                  "err": {},
                  "uuid": "d6305d2b-7705-4f13-9ffd-fc9732fcd17f",
                  "parentUUID": "bab7d4a8-b475-42be-96db-cfb0a6235492",
                  "isHook": false,
                  "skipped": false
                }
              ],
              "suites": [],
              "passes": [
                "ec5b1242-cade-420f-8f21-01ffe4272a5b",
                "d6305d2b-7705-4f13-9ffd-fc9732fcd17f"
              ],
              "failures": [],
              "pending": [],
              "skipped": [],
              "duration": 624,
              "root": false,
              "rootEmpty": false,
              "_timeout": 30000
            },
            {
              "uuid": "56d14127-043d-4369-9469-90762ec69a2d",
              "title": "/POST categories",
              "fullFile": "C:\\Users\\USUARIO\\Documents\\empresa\\mochileros 3.0\\api\\test\\testAdmin\\categories.js",
              "file": "\\test\\testAdmin\\categories.js",
              "beforeHooks": [],
              "afterHooks": [],
              "tests": [
                {
                  "title": "it should NOT POST a category without category",
                  "fullTitle": "*********** CATEGORIES_ADMIN *********** /POST categories it should NOT POST a category without category",
                  "timedOut": false,
                  "duration": 190,
                  "state": "passed",
                  "speed": "slow",
                  "pass": true,
                  "fail": false,
                  "pending": false,
                  "context": null,
                  "code": "const categoryPostOne = {}\nchai\n  .request(server)\n  .post(`${url}/categories`)\n  .set('Authorization', `Bearer ${token}`)\n  .send(categoryPostOne)\n  .end((err, res) => {\n    res.should.have.status(422)\n    const { body } = res\n    body.should.be.a('object')\n    body.should.have.property('errors')\n    const { errors } = body\n    errors.should.have.property('msg').be.a('array')\n    done()\n  })",
                  "err": {},
                  "uuid": "2046126f-d890-4c48-aaac-4b87f38c9951",
                  "parentUUID": "56d14127-043d-4369-9469-90762ec69a2d",
                  "isHook": false,
                  "skipped": false
                },
                {
                  "title": "it should POST a category ",
                  "fullTitle": "*********** CATEGORIES_ADMIN *********** /POST categories it should POST a category ",
                  "timedOut": false,
                  "duration": 267,
                  "state": "passed",
                  "speed": "slow",
                  "pass": true,
                  "fail": false,
                  "pending": false,
                  "context": null,
                  "code": "const categoryPostTwo = {\n  name,\n  icon,\n  description\n}\nchai\n  .request(server)\n  .post(`${url}/categories`)\n  .set('Authorization', `Bearer ${token}`)\n  .send(categoryPostTwo)\n  .end((err, res) => {\n    res.should.have.status(201)\n    const { body } = res\n    body.should.be.a('object')\n    body.should.include.keys('_id', 'name', 'description')\n    body.should.have.property('name').eql(name)\n    body.should.have.property('description').eql(description)\n    body.should.have.property('_id').be.a('string')\n    createdID.push(res.body._id)\n    done()\n  })",
                  "err": {},
                  "uuid": "ecf0d56f-5dea-432c-a3f7-8ab48f7b869b",
                  "parentUUID": "56d14127-043d-4369-9469-90762ec69a2d",
                  "isHook": false,
                  "skipped": false
                }
              ],
              "suites": [],
              "passes": [
                "2046126f-d890-4c48-aaac-4b87f38c9951",
                "ecf0d56f-5dea-432c-a3f7-8ab48f7b869b"
              ],
              "failures": [],
              "pending": [],
              "skipped": [],
              "duration": 457,
              "root": false,
              "rootEmpty": false,
              "_timeout": 30000
            },
            {
              "uuid": "1511cab8-7dd2-44ea-8139-91a8ccba9b65",
              "title": "/GET/:id categories",
              "fullFile": "C:\\Users\\USUARIO\\Documents\\empresa\\mochileros 3.0\\api\\test\\testAdmin\\categories.js",
              "file": "\\test\\testAdmin\\categories.js",
              "beforeHooks": [],
              "afterHooks": [],
              "tests": [
                {
                  "title": "it should GET a categories by the given id",
                  "fullTitle": "*********** CATEGORIES_ADMIN *********** /GET/:id categories it should GET a categories by the given id",
                  "timedOut": false,
                  "duration": 258,
                  "state": "passed",
                  "speed": "slow",
                  "pass": true,
                  "fail": false,
                  "pending": false,
                  "context": null,
                  "code": "const id = createdID.slice(-1).pop()\nchai\n  .request(server)\n  .get(`${url}/categories/${id}`)\n  .set('Authorization', `Bearer ${token}`)\n  .end((error, res) => {\n    const { body } = res\n    res.should.have.status(200)\n    body.should.be.a('object')\n    body.should.include.keys('name', 'description', '_id')\n    body.should.have.property('_id').eql(id)\n    done()\n  })",
                  "err": {},
                  "uuid": "51390cba-3004-44fd-9881-4ff23eb7050f",
                  "parentUUID": "1511cab8-7dd2-44ea-8139-91a8ccba9b65",
                  "isHook": false,
                  "skipped": false
                },
                {
                  "title": "it should NOT be able to consume the route since no token was sent",
                  "fullTitle": "*********** CATEGORIES_ADMIN *********** /GET/:id categories it should NOT be able to consume the route since no token was sent",
                  "timedOut": false,
                  "duration": 3,
                  "state": "passed",
                  "speed": "fast",
                  "pass": true,
                  "fail": false,
                  "pending": false,
                  "context": null,
                  "code": "const id = createdID.slice(-1).pop()\nchai\n  .request(server)\n  .get(`${url}/categories/${id}`)\n  .end((err, res) => {\n    res.should.have.status(401)\n    done()\n  })",
                  "err": {},
                  "uuid": "3a942cc6-7321-47be-bbe5-cb408ba3cf53",
                  "parentUUID": "1511cab8-7dd2-44ea-8139-91a8ccba9b65",
                  "isHook": false,
                  "skipped": false
                }
              ],
              "suites": [],
              "passes": [
                "51390cba-3004-44fd-9881-4ff23eb7050f",
                "3a942cc6-7321-47be-bbe5-cb408ba3cf53"
              ],
              "failures": [],
              "pending": [],
              "skipped": [],
              "duration": 261,
              "root": false,
              "rootEmpty": false,
              "_timeout": 30000
            },
            {
              "uuid": "f24dc6f6-86f9-4f4f-9de0-a6492c1666a4",
              "title": "/PATCH/:id categories",
              "fullFile": "C:\\Users\\USUARIO\\Documents\\empresa\\mochileros 3.0\\api\\test\\testAdmin\\categories.js",
              "file": "\\test\\testAdmin\\categories.js",
              "beforeHooks": [],
              "afterHooks": [],
              "tests": [
                {
                  "title": "it should UPDATE a category given the id",
                  "fullTitle": "*********** CATEGORIES_ADMIN *********** /PATCH/:id categories it should UPDATE a category given the id",
                  "timedOut": false,
                  "duration": 275,
                  "state": "passed",
                  "speed": "slow",
                  "pass": true,
                  "fail": false,
                  "pending": false,
                  "context": null,
                  "code": "const id = createdID.slice(-1).pop()\nchai\n  .request(server)\n  .patch(`${url}/categories/${id}`)\n  .set('Authorization', `Bearer ${token}`)\n  .send({\n    name: newCategory,\n    icon: faker.random.words(),\n    description: faker.random.words()\n  })\n  .end((error, res) => {\n    const { body } = res\n    res.should.have.status(200)\n    body.should.be.a('object')\n    body.should.have.property('_id').eql(id)\n    body.should.have.property('name').eql(newCategory)\n    body._id.should.be.a('string')\n    createdID.push(res.body._id)\n    done()\n  })",
                  "err": {},
                  "uuid": "ccab9414-66d9-429d-91b9-86cf25478375",
                  "parentUUID": "f24dc6f6-86f9-4f4f-9de0-a6492c1666a4",
                  "isHook": false,
                  "skipped": false
                },
                {
                  "title": "it should not UPDATE a departure empty",
                  "fullTitle": "*********** CATEGORIES_ADMIN *********** /PATCH/:id categories it should not UPDATE a departure empty",
                  "timedOut": false,
                  "duration": 171,
                  "state": "passed",
                  "speed": "slow",
                  "pass": true,
                  "fail": false,
                  "pending": false,
                  "context": null,
                  "code": "const id = createdID.slice(-1).pop()\nchai\n  .request(server)\n  .patch(`${url}/categories/${id}`)\n  .set('Authorization', `Bearer ${token}`)\n  .send({})\n  .end((error, res) => {\n    const { body } = res\n    res.should.have.status(422)\n    body.should.be.a('object')\n    body.should.have.property('errors')\n    done()\n  })",
                  "err": {},
                  "uuid": "77abdbca-1d70-4c22-87b8-224628a48666",
                  "parentUUID": "f24dc6f6-86f9-4f4f-9de0-a6492c1666a4",
                  "isHook": false,
                  "skipped": false
                },
                {
                  "title": "it should NOT be able to consume the route since no token was sent",
                  "fullTitle": "*********** CATEGORIES_ADMIN *********** /PATCH/:id categories it should NOT be able to consume the route since no token was sent",
                  "timedOut": false,
                  "duration": 4,
                  "state": "passed",
                  "speed": "fast",
                  "pass": true,
                  "fail": false,
                  "pending": false,
                  "context": null,
                  "code": "const id = createdID.slice(-1).pop()\nchai\n  .request(server)\n  .patch(`${url}/categories/${id}`)\n  .send({\n    name: newCategory,\n    icon: faker.random.words(),\n    description: faker.random.words()\n  })\n  .end((err, res) => {\n    res.should.have.status(401)\n    done()\n  })",
                  "err": {},
                  "uuid": "348879d8-8862-45d2-9490-9ac3f494d35e",
                  "parentUUID": "f24dc6f6-86f9-4f4f-9de0-a6492c1666a4",
                  "isHook": false,
                  "skipped": false
                }
              ],
              "suites": [],
              "passes": [
                "ccab9414-66d9-429d-91b9-86cf25478375",
                "77abdbca-1d70-4c22-87b8-224628a48666",
                "348879d8-8862-45d2-9490-9ac3f494d35e"
              ],
              "failures": [],
              "pending": [],
              "skipped": [],
              "duration": 450,
              "root": false,
              "rootEmpty": false,
              "_timeout": 30000
            },
            {
              "uuid": "3a000dfa-2f43-45d6-8d85-8db550ecf987",
              "title": "/DELETE/:id category",
              "fullFile": "C:\\Users\\USUARIO\\Documents\\empresa\\mochileros 3.0\\api\\test\\testAdmin\\categories.js",
              "file": "\\test\\testAdmin\\categories.js",
              "beforeHooks": [],
              "afterHooks": [],
              "tests": [
                {
                  "title": "it should DELETE a category given the id",
                  "fullTitle": "*********** CATEGORIES_ADMIN *********** /DELETE/:id category it should DELETE a category given the id",
                  "timedOut": false,
                  "duration": 555,
                  "state": "passed",
                  "speed": "slow",
                  "pass": true,
                  "fail": false,
                  "pending": false,
                  "context": null,
                  "code": "const categorydelete = {\n  name: faker.random.words(),\n  icon: faker.random.words(),\n  description: faker.random.words()\n}\nchai\n  .request(server)\n  .post(`${url}/categories`)\n  .set('Authorization', `Bearer ${token}`)\n  .send(categorydelete)\n  .end((err, res) => {\n    res.should.have.status(201)\n    res.body.should.be.a('object')\n    res.body.should.include.keys(\n      '_id',\n      'name',\n      'icon',\n      'description'\n    )\n    chai\n      .request(server)\n      .delete(`${url}/categories/${res.body._id}`)\n      .set('Authorization', `Bearer ${token}`)\n      .end((error, result) => {\n        const { body } = result\n        result.should.have.status(200)\n        body.should.be.a('object')\n        body.should.have.property('msg').eql('DELETED')\n        done()\n      })\n  })",
                  "err": {},
                  "uuid": "eae8867e-a878-4dec-857b-082b5c0390c8",
                  "parentUUID": "3a000dfa-2f43-45d6-8d85-8db550ecf987",
                  "isHook": false,
                  "skipped": false
                }
              ],
              "suites": [],
              "passes": [
                "eae8867e-a878-4dec-857b-082b5c0390c8"
              ],
              "failures": [],
              "pending": [],
              "skipped": [],
              "duration": 555,
              "root": false,
              "rootEmpty": false,
              "_timeout": 30000
            }
          ],
          "passes": [],
          "failures": [],
          "pending": [],
          "skipped": [],
          "duration": 0,
          "root": false,
          "rootEmpty": false,
          "_timeout": 30000
        },
        {
          "uuid": "8d743c90-8cf7-4eed-b2b3-844f55720388",
          "title": "*********** COMMENTS_ADMIN ***********",
          "fullFile": "C:\\Users\\USUARIO\\Documents\\empresa\\mochileros 3.0\\api\\test\\testAdmin\\comments.js",
          "file": "\\test\\testAdmin\\comments.js",
          "beforeHooks": [],
          "afterHooks": [
            {
              "title": "\"after all\" hook in \"*********** COMMENTS_ADMIN ***********\"",
              "fullTitle": "*********** COMMENTS_ADMIN *********** \"after all\" hook in \"*********** COMMENTS_ADMIN ***********\"",
              "timedOut": false,
              "duration": 0,
              "state": null,
              "speed": null,
              "pass": false,
              "fail": false,
              "pending": false,
              "context": null,
              "code": "createdID.forEach((id) => {\n  comment.findByIdAndRemove(id, (err) => {\n    if (err) {\n      // console.log(err)\n    }\n  })\n})",
              "err": {},
              "uuid": "576e8db1-bab9-4e87-9638-77ff97d3b09a",
              "parentUUID": "8d743c90-8cf7-4eed-b2b3-844f55720388",
              "isHook": true,
              "skipped": false
            }
          ],
          "tests": [],
          "suites": [
            {
              "uuid": "b899f07b-ce83-4e98-a0c9-7163533ab4d4",
              "title": "/POST login",
              "fullFile": "C:\\Users\\USUARIO\\Documents\\empresa\\mochileros 3.0\\api\\test\\testAdmin\\comments.js",
              "file": "\\test\\testAdmin\\comments.js",
              "beforeHooks": [],
              "afterHooks": [],
              "tests": [
                {
                  "title": "it should GET token user",
                  "fullTitle": "*********** COMMENTS_ADMIN *********** /POST login it should GET token user",
                  "timedOut": false,
                  "duration": 276,
                  "state": "passed",
                  "speed": "slow",
                  "pass": true,
                  "fail": false,
                  "pending": false,
                  "context": null,
                  "code": "chai\n  .request(server)\n  .post(`${url}/login`)\n  .send(loginDetails)\n  .end((err, res) => {\n    res.should.have.status(200)\n    res.body.should.be.an('object')\n    res.body.should.include.keys('accessToken', 'user')\n    const currentAccessToken = res.body.accessToken\n    accessToken = currentAccessToken\n    done()\n  })",
                  "err": {},
                  "uuid": "42c1401b-2844-4b0a-85d0-6293817d0189",
                  "parentUUID": "b899f07b-ce83-4e98-a0c9-7163533ab4d4",
                  "isHook": false,
                  "skipped": false
                },
                {
                  "title": "it should GET a fresh token",
                  "fullTitle": "*********** COMMENTS_ADMIN *********** /POST login it should GET a fresh token",
                  "timedOut": false,
                  "duration": 375,
                  "state": "passed",
                  "speed": "slow",
                  "pass": true,
                  "fail": false,
                  "pending": false,
                  "context": null,
                  "code": "chai\n  .request(server)\n  .post(`${url}/exchange`)\n  .send({\n    accessToken\n  })\n  .end((err, res) => {\n    const { body } = res\n    res.should.have.status(200)\n    body.should.be.an('object')\n    body.should.include.keys('token', 'user')\n    const currentToken = body.token\n    token = currentToken\n    done()\n  })",
                  "err": {},
                  "uuid": "dafb02b0-f58c-4a5f-87c9-40b99bf1e40f",
                  "parentUUID": "b899f07b-ce83-4e98-a0c9-7163533ab4d4",
                  "isHook": false,
                  "skipped": false
                }
              ],
              "suites": [],
              "passes": [
                "42c1401b-2844-4b0a-85d0-6293817d0189",
                "dafb02b0-f58c-4a5f-87c9-40b99bf1e40f"
              ],
              "failures": [],
              "pending": [],
              "skipped": [],
              "duration": 651,
              "root": false,
              "rootEmpty": false,
              "_timeout": 30000
            },
            {
              "uuid": "070452d6-8567-4f5b-b123-00b5c124499e",
              "title": "/POST comments",
              "fullFile": "C:\\Users\\USUARIO\\Documents\\empresa\\mochileros 3.0\\api\\test\\testAdmin\\comments.js",
              "file": "\\test\\testAdmin\\comments.js",
              "beforeHooks": [],
              "afterHooks": [],
              "tests": [
                {
                  "title": "it should NOT POST a comment without comment",
                  "fullTitle": "*********** COMMENTS_ADMIN *********** /POST comments it should NOT POST a comment without comment",
                  "timedOut": false,
                  "duration": 87,
                  "state": "passed",
                  "speed": "slow",
                  "pass": true,
                  "fail": false,
                  "pending": false,
                  "context": null,
                  "code": "const commentPostOne = {}\nchai\n  .request(server)\n  .post(`${url}/comments`)\n  .set('Authorization', `Bearer ${token}`)\n  .send(commentPostOne)\n  .end((err, res) => {\n    res.should.have.status(422)\n    const { body } = res\n    body.should.be.a('object')\n    body.should.have.property('errors')\n    const { errors } = body\n    errors.should.have.property('msg').be.a('array')\n    done()\n  })",
                  "err": {},
                  "uuid": "43402f03-846d-4186-bbcb-b1de3e8a45b5",
                  "parentUUID": "070452d6-8567-4f5b-b123-00b5c124499e",
                  "isHook": false,
                  "skipped": false
                },
                {
                  "title": "it should POST a comment ",
                  "fullTitle": "*********** COMMENTS_ADMIN *********** /POST comments it should POST a comment ",
                  "timedOut": false,
                  "duration": 196,
                  "state": "passed",
                  "speed": "slow",
                  "pass": true,
                  "fail": false,
                  "pending": false,
                  "context": null,
                  "code": "const commentPostTwo = {\n  vote: 3,\n  content,\n  idUser,\n  status: 'publish',\n  tags: ['tren']\n}\nchai\n  .request(server)\n  .post(`${url}/comments`)\n  .set('Authorization', `Bearer ${token}`)\n  .send(commentPostTwo)\n  .end((err, res) => {\n    res.should.have.status(201)\n    const { body } = res\n    body.should.be.a('object')\n    body.should.include.keys('_id', 'vote', 'content')\n    body.should.have.property('status').eql('publish')\n    body.should.have.property('content').eql(content)\n    body.should.have.property('_id').be.a('string')\n    createdID.push(res.body._id)\n    done()\n  })",
                  "err": {},
                  "uuid": "4f0c572e-b358-4fb1-9230-c74d881241ca",
                  "parentUUID": "070452d6-8567-4f5b-b123-00b5c124499e",
                  "isHook": false,
                  "skipped": false
                }
              ],
              "suites": [],
              "passes": [
                "43402f03-846d-4186-bbcb-b1de3e8a45b5",
                "4f0c572e-b358-4fb1-9230-c74d881241ca"
              ],
              "failures": [],
              "pending": [],
              "skipped": [],
              "duration": 283,
              "root": false,
              "rootEmpty": false,
              "_timeout": 30000
            },
            {
              "uuid": "844d5008-016d-402c-8abb-880e555e3887",
              "title": "/GET comments",
              "fullFile": "C:\\Users\\USUARIO\\Documents\\empresa\\mochileros 3.0\\api\\test\\testAdmin\\comments.js",
              "file": "\\test\\testAdmin\\comments.js",
              "beforeHooks": [],
              "afterHooks": [],
              "tests": [
                {
                  "title": "it should GET all the comments",
                  "fullTitle": "*********** COMMENTS_ADMIN *********** /GET comments it should GET all the comments",
                  "timedOut": false,
                  "duration": 189,
                  "state": "passed",
                  "speed": "slow",
                  "pass": true,
                  "fail": false,
                  "pending": false,
                  "context": null,
                  "code": "chai\n  .request(server)\n  .get(`${url}/comments`)\n  .set('Authorization', `Bearer ${token}`)\n  .end((err, res) => {\n    const { body } = res\n    const { docs } = body\n    const commentFirst = _.head(docs)\n    res.should.have.status(200)\n    body.should.be.an('object')\n    docs.should.have.lengthOf(1)\n    id = commentFirst._id\n    commentFirst.should.include.keys('_id', 'content', 'vote')\n    done()\n  })",
                  "err": {},
                  "uuid": "d6cd9e8d-1b4f-40c7-ad52-160349013f41",
                  "parentUUID": "844d5008-016d-402c-8abb-880e555e3887",
                  "isHook": false,
                  "skipped": false
                },
                {
                  "title": "it should not GET comments unauthorized",
                  "fullTitle": "*********** COMMENTS_ADMIN *********** /GET comments it should not GET comments unauthorized",
                  "timedOut": false,
                  "duration": 3,
                  "state": "passed",
                  "speed": "fast",
                  "pass": true,
                  "fail": false,
                  "pending": false,
                  "context": null,
                  "code": "chai\n  .request(server)\n  .get(`${url}/comments`)\n  .end((err, res) => {\n    res.should.have.status(401)\n    done()\n  })",
                  "err": {},
                  "uuid": "d85484db-899d-4b54-a812-32acc48c9355",
                  "parentUUID": "844d5008-016d-402c-8abb-880e555e3887",
                  "isHook": false,
                  "skipped": false
                }
              ],
              "suites": [],
              "passes": [
                "d6cd9e8d-1b4f-40c7-ad52-160349013f41",
                "d85484db-899d-4b54-a812-32acc48c9355"
              ],
              "failures": [],
              "pending": [],
              "skipped": [],
              "duration": 192,
              "root": false,
              "rootEmpty": false,
              "_timeout": 30000
            },
            {
              "uuid": "445b8368-4f9d-4570-a635-2abeeb23254b",
              "title": "/GET/:id comments",
              "fullFile": "C:\\Users\\USUARIO\\Documents\\empresa\\mochileros 3.0\\api\\test\\testAdmin\\comments.js",
              "file": "\\test\\testAdmin\\comments.js",
              "beforeHooks": [],
              "afterHooks": [],
              "tests": [
                {
                  "title": "it should GET a comments by the given id",
                  "fullTitle": "*********** COMMENTS_ADMIN *********** /GET/:id comments it should GET a comments by the given id",
                  "timedOut": false,
                  "duration": 173,
                  "state": "passed",
                  "speed": "slow",
                  "pass": true,
                  "fail": false,
                  "pending": false,
                  "context": null,
                  "code": "const id = createdID.slice(-1).pop()\nchai\n  .request(server)\n  .get(`${url}/comments/${id}`)\n  .set('Authorization', `Bearer ${token}`)\n  .end((error, res) => {\n    const { body } = res\n    res.should.have.status(200)\n    body.should.be.a('object')\n    body.should.include.keys('status', 'tags', '_id')\n    body.should.have.property('_id').eql(id)\n    done()\n  })",
                  "err": {},
                  "uuid": "d8b464f0-1800-496e-8159-d2fbedcb2aa4",
                  "parentUUID": "445b8368-4f9d-4570-a635-2abeeb23254b",
                  "isHook": false,
                  "skipped": false
                },
                {
                  "title": "it should NOT be able to consume the route since no token was sent",
                  "fullTitle": "*********** COMMENTS_ADMIN *********** /GET/:id comments it should NOT be able to consume the route since no token was sent",
                  "timedOut": false,
                  "duration": 2,
                  "state": "passed",
                  "speed": "fast",
                  "pass": true,
                  "fail": false,
                  "pending": false,
                  "context": null,
                  "code": "const id = createdID.slice(-1).pop()\nchai\n  .request(server)\n  .get(`${url}/comments/${id}`)\n  .end((err, res) => {\n    res.should.have.status(401)\n    done()\n  })",
                  "err": {},
                  "uuid": "d7c0e7b5-2adb-4289-8ada-4b44ebec248b",
                  "parentUUID": "445b8368-4f9d-4570-a635-2abeeb23254b",
                  "isHook": false,
                  "skipped": false
                }
              ],
              "suites": [],
              "passes": [
                "d8b464f0-1800-496e-8159-d2fbedcb2aa4",
                "d7c0e7b5-2adb-4289-8ada-4b44ebec248b"
              ],
              "failures": [],
              "pending": [],
              "skipped": [],
              "duration": 175,
              "root": false,
              "rootEmpty": false,
              "_timeout": 30000
            },
            {
              "uuid": "b37fb752-de27-497f-8fd8-37597de51909",
              "title": "/PATCH/:id comments",
              "fullFile": "C:\\Users\\USUARIO\\Documents\\empresa\\mochileros 3.0\\api\\test\\testAdmin\\comments.js",
              "file": "\\test\\testAdmin\\comments.js",
              "beforeHooks": [],
              "afterHooks": [],
              "tests": [
                {
                  "title": "it should UPDATE a comment given the id",
                  "fullTitle": "*********** COMMENTS_ADMIN *********** /PATCH/:id comments it should UPDATE a comment given the id",
                  "timedOut": false,
                  "duration": 189,
                  "state": "passed",
                  "speed": "slow",
                  "pass": true,
                  "fail": false,
                  "pending": false,
                  "context": null,
                  "code": "const id = createdID.slice(-1).pop()\nchai\n  .request(server)\n  .patch(`${url}/comments/${id}`)\n  .set('Authorization', `Bearer ${token}`)\n  .send({\n    vote: 3,\n    content,\n    idUser,\n    status: 'publish',\n    tags: ['naturaleza']\n  })\n  .end((error, res) => {\n    const { body } = res\n    res.should.have.status(200)\n    body.should.be.a('object')\n    body.should.have.property('_id').eql(id)\n    body.should.have.property('content').eql(content)\n    body._id.should.be.a('string')\n    createdID.push(res.body._id)\n    done()\n  })",
                  "err": {},
                  "uuid": "27d7a6eb-9527-4eaf-a584-16df492a1441",
                  "parentUUID": "b37fb752-de27-497f-8fd8-37597de51909",
                  "isHook": false,
                  "skipped": false
                },
                {
                  "title": "it should not UPDATE a comment empty",
                  "fullTitle": "*********** COMMENTS_ADMIN *********** /PATCH/:id comments it should not UPDATE a comment empty",
                  "timedOut": false,
                  "duration": 94,
                  "state": "passed",
                  "speed": "slow",
                  "pass": true,
                  "fail": false,
                  "pending": false,
                  "context": null,
                  "code": "const id = createdID.slice(-1).pop()\nchai\n  .request(server)\n  .patch(`${url}/comments/${id}`)\n  .set('Authorization', `Bearer ${token}`)\n  .send({})\n  .end((error, res) => {\n    const { body } = res\n    res.should.have.status(422)\n    body.should.be.a('object')\n    body.should.have.property('errors')\n    done()\n  })",
                  "err": {},
                  "uuid": "3491336e-1616-44d7-be8b-e09a044aa0da",
                  "parentUUID": "b37fb752-de27-497f-8fd8-37597de51909",
                  "isHook": false,
                  "skipped": false
                },
                {
                  "title": "it should NOT be able to consume the route since no token was sent",
                  "fullTitle": "*********** COMMENTS_ADMIN *********** /PATCH/:id comments it should NOT be able to consume the route since no token was sent",
                  "timedOut": false,
                  "duration": 3,
                  "state": "passed",
                  "speed": "fast",
                  "pass": true,
                  "fail": false,
                  "pending": false,
                  "context": null,
                  "code": "const id = createdID.slice(-1).pop()\nchai\n  .request(server)\n  .patch(`${url}/comments/${id}`)\n  .send({\n    vote: 3,\n    content,\n    idUser,\n    status: 'publish',\n    tags: ['naturaleza']\n  })\n  .end((err, res) => {\n    res.should.have.status(401)\n    done()\n  })",
                  "err": {},
                  "uuid": "9900bb4b-72d2-4e0e-8f31-3930384f50ba",
                  "parentUUID": "b37fb752-de27-497f-8fd8-37597de51909",
                  "isHook": false,
                  "skipped": false
                }
              ],
              "suites": [],
              "passes": [
                "27d7a6eb-9527-4eaf-a584-16df492a1441",
                "3491336e-1616-44d7-be8b-e09a044aa0da",
                "9900bb4b-72d2-4e0e-8f31-3930384f50ba"
              ],
              "failures": [],
              "pending": [],
              "skipped": [],
              "duration": 286,
              "root": false,
              "rootEmpty": false,
              "_timeout": 30000
            },
            {
              "uuid": "3795774a-a9eb-4dd1-a195-50b4a74dca12",
              "title": "/DELETE/:id comment",
              "fullFile": "C:\\Users\\USUARIO\\Documents\\empresa\\mochileros 3.0\\api\\test\\testAdmin\\comments.js",
              "file": "\\test\\testAdmin\\comments.js",
              "beforeHooks": [],
              "afterHooks": [],
              "tests": [
                {
                  "title": "it should DELETE a comment given the id",
                  "fullTitle": "*********** COMMENTS_ADMIN *********** /DELETE/:id comment it should DELETE a comment given the id",
                  "timedOut": false,
                  "duration": 383,
                  "state": "passed",
                  "speed": "slow",
                  "pass": true,
                  "fail": false,
                  "pending": false,
                  "context": null,
                  "code": "const commentdelete = {\n  vote: 3,\n  content,\n  idUser,\n  status: 'publish',\n  tags: ['naturaleza']\n}\nchai\n  .request(server)\n  .post(`${url}/comments`)\n  .set('Authorization', `Bearer ${token}`)\n  .send(commentdelete)\n  .end((err, res) => {\n    res.should.have.status(201)\n    res.body.should.be.a('object')\n    res.body.should.include.keys(\n      '_id',\n      'vote',\n      'status',\n      'tags'\n    )\n    chai\n      .request(server)\n      .delete(`${url}/comments/${res.body._id}`)\n      .set('Authorization', `Bearer ${token}`)\n      .end((error, result) => {\n        const { body } = result\n        result.should.have.status(200)\n        body.should.be.a('object')\n        body.should.have.property('msg').eql('DELETED')\n        done()\n      })\n  })",
                  "err": {},
                  "uuid": "e8e2335a-9feb-4d26-a216-11611a8f1fc7",
                  "parentUUID": "3795774a-a9eb-4dd1-a195-50b4a74dca12",
                  "isHook": false,
                  "skipped": false
                }
              ],
              "suites": [],
              "passes": [
                "e8e2335a-9feb-4d26-a216-11611a8f1fc7"
              ],
              "failures": [],
              "pending": [],
              "skipped": [],
              "duration": 383,
              "root": false,
              "rootEmpty": false,
              "_timeout": 30000
            }
          ],
          "passes": [],
          "failures": [],
          "pending": [],
          "skipped": [],
          "duration": 0,
          "root": false,
          "rootEmpty": false,
          "_timeout": 30000
        },
        {
          "uuid": "7e51e8f7-76c7-41d6-8802-699f2990f891",
          "title": "*********** CONVERSATIONS_ADMIN ***********",
          "fullFile": "C:\\Users\\USUARIO\\Documents\\empresa\\mochileros 3.0\\api\\test\\testAdmin\\conversations.js",
          "file": "\\test\\testAdmin\\conversations.js",
          "beforeHooks": [],
          "afterHooks": [
            {
              "title": "\"after all\" hook in \"*********** CONVERSATIONS_ADMIN ***********\"",
              "fullTitle": "*********** CONVERSATIONS_ADMIN *********** \"after all\" hook in \"*********** CONVERSATIONS_ADMIN ***********\"",
              "timedOut": false,
              "duration": 0,
              "state": null,
              "speed": null,
              "pass": false,
              "fail": false,
              "pending": false,
              "context": null,
              "code": "createdID.forEach((id) => {\n  conversation.findByIdAndRemove(id, (err) => {\n    if (err) {\n      // console.log(err)\n    }\n  })\n})",
              "err": {},
              "uuid": "88bfd85b-24d2-40f7-be57-fc1c3d5434a8",
              "parentUUID": "7e51e8f7-76c7-41d6-8802-699f2990f891",
              "isHook": true,
              "skipped": false
            }
          ],
          "tests": [],
          "suites": [
            {
              "uuid": "f6445f21-8914-489c-8e3f-747ed498dc28",
              "title": "/POST login",
              "fullFile": "C:\\Users\\USUARIO\\Documents\\empresa\\mochileros 3.0\\api\\test\\testAdmin\\conversations.js",
              "file": "\\test\\testAdmin\\conversations.js",
              "beforeHooks": [],
              "afterHooks": [],
              "tests": [
                {
                  "title": "it should GET token user",
                  "fullTitle": "*********** CONVERSATIONS_ADMIN *********** /POST login it should GET token user",
                  "timedOut": false,
                  "duration": 265,
                  "state": "passed",
                  "speed": "slow",
                  "pass": true,
                  "fail": false,
                  "pending": false,
                  "context": null,
                  "code": "chai\n  .request(server)\n  .post(`${url}/login`)\n  .send(loginDetails)\n  .end((err, res) => {\n    res.should.have.status(200)\n    res.body.should.be.an('object')\n    res.body.should.include.keys('accessToken', 'user')\n    const currentAccessToken = res.body.accessToken\n    accessToken = currentAccessToken\n    done()\n  })",
                  "err": {},
                  "uuid": "355d821f-95da-493f-8865-33af6ce6b42e",
                  "parentUUID": "f6445f21-8914-489c-8e3f-747ed498dc28",
                  "isHook": false,
                  "skipped": false
                },
                {
                  "title": "it should GET a fresh token",
                  "fullTitle": "*********** CONVERSATIONS_ADMIN *********** /POST login it should GET a fresh token",
                  "timedOut": false,
                  "duration": 356,
                  "state": "passed",
                  "speed": "slow",
                  "pass": true,
                  "fail": false,
                  "pending": false,
                  "context": null,
                  "code": "chai\n  .request(server)\n  .post(`${url}/exchange`)\n  .send({\n    accessToken\n  })\n  .end((err, res) => {\n    const { body } = res\n    res.should.have.status(200)\n    body.should.be.an('object')\n    body.should.include.keys('token', 'user')\n    const currentToken = body.token\n    token = currentToken\n    done()\n  })",
                  "err": {},
                  "uuid": "0657e5ae-ef6d-40c1-b32c-461dfb6f372d",
                  "parentUUID": "f6445f21-8914-489c-8e3f-747ed498dc28",
                  "isHook": false,
                  "skipped": false
                }
              ],
              "suites": [],
              "passes": [
                "355d821f-95da-493f-8865-33af6ce6b42e",
                "0657e5ae-ef6d-40c1-b32c-461dfb6f372d"
              ],
              "failures": [],
              "pending": [],
              "skipped": [],
              "duration": 621,
              "root": false,
              "rootEmpty": false,
              "_timeout": 30000
            },
            {
              "uuid": "09d86707-8237-4cb5-b87a-9dbe20a96c2e",
              "title": "/DELETE/:id conversation",
              "fullFile": "C:\\Users\\USUARIO\\Documents\\empresa\\mochileros 3.0\\api\\test\\testAdmin\\conversations.js",
              "file": "\\test\\testAdmin\\conversations.js",
              "beforeHooks": [],
              "afterHooks": [],
              "tests": [
                {
                  "title": "it should DELETE a conversation given the id",
                  "fullTitle": "*********** CONVERSATIONS_ADMIN *********** /DELETE/:id conversation it should DELETE a conversation given the id",
                  "timedOut": false,
                  "duration": 746,
                  "state": "passed",
                  "speed": "slow",
[...]
                  "fullTitle": "*********** TOURS_USERS *********** /GET/:id tour it should GET a tour by the given slug",
                  "timedOut": false,
                  "duration": 92,
                  "state": "passed",
                  "speed": "slow",
                  "pass": true,
                  "fail": false,
                  "pending": false,
                  "context": null,
                  "code": "chai\n  .request(server)\n  .get(`${url}/tours/tour-one`)\n  .set('Authorization', `Bearer ${token}`)\n  .end((error, res) => {\n    const { body } = res\n    res.should.have.status(200)\n    body.should.be.a('object')\n    body.should.have.property('title')\n    body.should.have.property('slug').eql('tour-one')\n    done()\n  })",
                  "err": {},
                  "uuid": "7054e139-6154-4596-ab7d-9eb7b4d9ef5b",
                  "parentUUID": "e79f2c9d-da85-471f-a154-a15190c5f110",
                  "isHook": false,
                  "skipped": false
                }
              ],
              "suites": [],
              "passes": [
                "303221db-dc38-49eb-99f7-12b1198dfeb5",
                "7054e139-6154-4596-ab7d-9eb7b4d9ef5b"
              ],
              "failures": [],
              "pending": [],
              "skipped": [],
              "duration": 192,
              "root": false,
              "rootEmpty": false,
              "_timeout": 30000
            }
          ],
          "passes": [],
          "failures": [],
          "pending": [],
          "skipped": [],
          "duration": 0,
          "root": false,
          "rootEmpty": false,
          "_timeout": 30000
        },
        {
          "uuid": "3df9e37a-1e6b-4787-98b2-0481a74a0086",
          "title": "*********** MANAGER_USERS ***********",
          "fullFile": "C:\\Users\\USUARIO\\Documents\\empresa\\mochileros 3.0\\api\\test\\testApi\\users.js",
          "file": "\\test\\testApi\\users.js",
          "beforeHooks": [],
          "afterHooks": [
            {
              "title": "\"after all\" hook in \"*********** MANAGER_USERS ***********\"",
              "fullTitle": "*********** MANAGER_USERS *********** \"after all\" hook in \"*********** MANAGER_USERS ***********\"",
              "timedOut": false,
              "duration": 0,
              "state": null,
              "speed": null,
              "pass": false,
              "fail": false,
              "pending": false,
              "context": null,
              "code": "createdID.forEach((id) => {\n  User.findByIdAndRemove(id, (err) => {\n    if (err) {\n      // console.log(err)\n    }\n  })\n})",
              "err": {},
              "uuid": "ac682664-9860-4c18-be46-1e24a1781ac7",
              "parentUUID": "3df9e37a-1e6b-4787-98b2-0481a74a0086",
              "isHook": true,
              "skipped": false
            }
          ],
          "tests": [],
          "suites": [
            {
              "uuid": "45e3b57f-11e2-4f30-a6ea-0908298810ef",
              "title": "/POST login",
              "fullFile": "C:\\Users\\USUARIO\\Documents\\empresa\\mochileros 3.0\\api\\test\\testApi\\users.js",
              "file": "\\test\\testApi\\users.js",
              "beforeHooks": [],
              "afterHooks": [],
              "tests": [
                {
                  "title": "it should GET token user",
                  "fullTitle": "*********** MANAGER_USERS *********** /POST login it should GET token user",
                  "timedOut": false,
                  "duration": 255,
                  "state": "passed",
                  "speed": "slow",
                  "pass": true,
                  "fail": false,
                  "pending": false,
                  "context": null,
                  "code": "chai\n  .request(server)\n  .post(`${url}/login`)\n  .send(loginDetails)\n  .end((err, res) => {\n    res.should.have.status(200)\n    res.body.should.be.an('object')\n    res.body.should.include.keys('accessToken', 'user')\n    const currentAccessToken = res.body.accessToken\n    accessToken = currentAccessToken\n    done()\n  })",
                  "err": {},
                  "uuid": "f774f595-26b3-4e4c-93cc-0730643e5d8e",
                  "parentUUID": "45e3b57f-11e2-4f30-a6ea-0908298810ef",
                  "isHook": false,
                  "skipped": false
                },
                {
                  "title": "it should GET a fresh token",
                  "fullTitle": "*********** MANAGER_USERS *********** /POST login it should GET a fresh token",
                  "timedOut": false,
                  "duration": 351,
                  "state": "passed",
                  "speed": "slow",
                  "pass": true,
                  "fail": false,
                  "pending": false,
                  "context": null,
                  "code": "chai\n  .request(server)\n  .post(`${url}/exchange`)\n  .send({\n    accessToken\n  })\n  .end((err, res) => {\n    const { body } = res\n    res.should.have.status(200)\n    body.should.be.an('object')\n    body.should.include.keys('token', 'user')\n    const currentToken = body.token\n    token = currentToken\n    publicId = res.body.user._id\n    done()\n  })",
                  "err": {},
                  "uuid": "cb875023-e26c-42a1-90a6-455ab7b9e5f2",
                  "parentUUID": "45e3b57f-11e2-4f30-a6ea-0908298810ef",
                  "isHook": false,
                  "skipped": false
                }
              ],
              "suites": [],
              "passes": [
                "f774f595-26b3-4e4c-93cc-0730643e5d8e",
                "cb875023-e26c-42a1-90a6-455ab7b9e5f2"
              ],
              "failures": [],
              "pending": [],
              "skipped": [],
              "duration": 606,
              "root": false,
              "rootEmpty": false,
              "_timeout": 30000
            },
            {
              "uuid": "a98b2ae9-55e5-422f-8676-424deac9e567",
              "title": "/GET users",
              "fullFile": "C:\\Users\\USUARIO\\Documents\\empresa\\mochileros 3.0\\api\\test\\testApi\\users.js",
              "file": "\\test\\testApi\\users.js",
              "beforeHooks": [],
              "afterHooks": [],
              "tests": [
                {
                  "title": "it should GET public profile",
                  "fullTitle": "*********** MANAGER_USERS *********** /GET users it should GET public profile",
                  "timedOut": false,
                  "duration": 175,
                  "state": "passed",
                  "speed": "slow",
                  "pass": true,
                  "fail": false,
                  "pending": false,
                  "context": null,
                  "code": "chai\n  .request(server)\n  .get(`${url}/users/public/${publicId}`)\n  .set('Authorization', `Bearer ${token}`)\n  .end((err, res) => {\n    res.should.have.status(200)\n    res.body.should.be.an('object')\n    res.body.should.have.property('id').eql(publicId)\n    done()\n  })",
                  "err": {},
                  "uuid": "dfa4c955-47e8-4d31-8516-a66cb73d54a9",
                  "parentUUID": "a98b2ae9-55e5-422f-8676-424deac9e567",
                  "isHook": false,
                  "skipped": false
                }
              ],
              "suites": [],
              "passes": [
                "dfa4c955-47e8-4d31-8516-a66cb73d54a9"
              ],
              "failures": [],
              "pending": [],
              "skipped": [],
              "duration": 175,
              "root": false,
              "rootEmpty": false,
              "_timeout": 30000
            }
          ],
          "passes": [],
          "failures": [],
          "pending": [],
          "skipped": [],
          "duration": 0,
          "root": false,
          "rootEmpty": false,
          "_timeout": 30000
        },
        {
          "uuid": "42422213-3f9c-4ac6-9474-1ca6e5ee24f4",
          "title": "*********** WALLETS_USERS ***********",
          "fullFile": "C:\\Users\\USUARIO\\Documents\\empresa\\mochileros 3.0\\api\\test\\testApi\\wallets.js",
          "file": "\\test\\testApi\\wallets.js",
          "beforeHooks": [],
          "afterHooks": [
            {
              "title": "\"after all\" hook in \"*********** WALLETS_USERS ***********\"",
              "fullTitle": "*********** WALLETS_USERS *********** \"after all\" hook in \"*********** WALLETS_USERS ***********\"",
              "timedOut": false,
              "duration": 1,
              "state": null,
              "speed": null,
              "pass": false,
              "fail": false,
              "pending": false,
              "context": null,
              "code": "collectionPayOrder.deleteMany({}, (err) => {\n  if (err) {\n    // console.log(err)\n  }\n})",
              "err": {},
              "uuid": "e893600d-4f05-447f-a87d-43f9698342d8",
              "parentUUID": "42422213-3f9c-4ac6-9474-1ca6e5ee24f4",
              "isHook": true,
              "skipped": false
            }
          ],
          "tests": [],
          "suites": [
            {
              "uuid": "dd12e239-7aec-45dc-badd-4e46fc1b1c47",
              "title": "/POST login",
              "fullFile": "C:\\Users\\USUARIO\\Documents\\empresa\\mochileros 3.0\\api\\test\\testApi\\wallets.js",
              "file": "\\test\\testApi\\wallets.js",
              "beforeHooks": [],
              "afterHooks": [],
              "tests": [
                {
                  "title": "it should GET token user",
                  "fullTitle": "*********** WALLETS_USERS *********** /POST login it should GET token user",
                  "timedOut": false,
                  "duration": 282,
                  "state": "passed",
                  "speed": "slow",
                  "pass": true,
                  "fail": false,
                  "pending": false,
                  "context": null,
                  "code": "chai\n  .request(server)\n  .post(`${url}/login`)\n  .send(loginDetails)\n  .end((err, res) => {\n    res.should.have.status(200)\n    res.body.should.be.an('object')\n    res.body.should.include.keys('accessToken', 'user')\n    const currentAccessToken = res.body.accessToken\n    accessToken = currentAccessToken\n    done()\n  })",
                  "err": {},
                  "uuid": "44bdbba1-db90-4fb1-b8fa-856319197bbc",
                  "parentUUID": "dd12e239-7aec-45dc-badd-4e46fc1b1c47",
                  "isHook": false,
                  "skipped": false
                },
                {
                  "title": "it should GET a fresh token",
                  "fullTitle": "*********** WALLETS_USERS *********** /POST login it should GET a fresh token",
                  "timedOut": false,
                  "duration": 339,
                  "state": "passed",
                  "speed": "slow",
                  "pass": true,
                  "fail": false,
                  "pending": false,
                  "context": null,
                  "code": "chai\n  .request(server)\n  .post(`${url}/exchange`)\n  .send({\n    accessToken\n  })\n  .end((err, res) => {\n    const { body } = res\n    res.should.have.status(200)\n    body.should.be.an('object')\n    body.should.include.keys('token', 'user')\n    const currentToken = body.token\n    token = currentToken\n    done()\n  })",
                  "err": {},
                  "uuid": "504dce8d-1f69-4da5-a54c-dbb824d881e6",
                  "parentUUID": "dd12e239-7aec-45dc-badd-4e46fc1b1c47",
                  "isHook": false,
                  "skipped": false
                }
              ],
              "suites": [],
              "passes": [
                "44bdbba1-db90-4fb1-b8fa-856319197bbc",
                "504dce8d-1f69-4da5-a54c-dbb824d881e6"
              ],
              "failures": [],
              "pending": [],
              "skipped": [],
              "duration": 621,
              "root": false,
              "rootEmpty": false,
              "_timeout": 30000
            },
            {
              "uuid": "ce00dc81-b57c-49b5-9a93-62508de6fe7f",
              "title": "/GET wallets",
              "fullFile": "C:\\Users\\USUARIO\\Documents\\empresa\\mochileros 3.0\\api\\test\\testApi\\wallets.js",
              "file": "\\test\\testApi\\wallets.js",
              "beforeHooks": [],
              "afterHooks": [],
              "tests": [
                {
                  "title": "it should NOT be able to consume the route since no token was sent",
                  "fullTitle": "*********** WALLETS_USERS *********** /GET wallets it should NOT be able to consume the route since no token was sent",
                  "timedOut": false,
                  "duration": 3,
                  "state": "passed",
                  "speed": "fast",
                  "pass": true,
                  "fail": false,
                  "pending": false,
                  "context": null,
                  "code": "chai\n  .request(server)\n  .get(`${url}/wallets`)\n  .end((err, res) => {\n    res.should.have.status(401)\n    done()\n  })",
                  "err": {},
                  "uuid": "eb1d9e7a-9f75-4575-8031-969330c70ca4",
                  "parentUUID": "ce00dc81-b57c-49b5-9a93-62508de6fe7f",
                  "isHook": false,
                  "skipped": false
                },
                {
                  "title": "it should GET to wallets",
                  "fullTitle": "*********** WALLETS_USERS *********** /GET wallets it should GET to wallets",
                  "timedOut": false,
                  "duration": 254,
                  "state": "passed",
                  "speed": "slow",
                  "pass": true,
                  "fail": false,
                  "pending": false,
                  "context": null,
                  "code": "chai\n  .request(server)\n  .get(`${url}/wallets`)\n  .set('Authorization', `Bearer ${token}`)\n  .end((err, res) => {\n    const { body } = res\n    res.should.have.status(200)\n    const { docs, total } = body\n    body.should.be.a('object')\n    body.hasNextPage.should.be.a('boolean')\n    body.hasPrevPage.should.be.a('boolean')\n    body.limit.should.be.a('number')\n    body.page.should.be.a('number')\n    body.pagingCounter.should.be.a('number')\n    body.totalDocs.should.be.a('number')\n    body.should.include.keys('total', 'docs')\n    docs.should.be.a('array').length(0)\n    total.should.be.a('number').eql(0)\n    done()\n  })",
                  "err": {},
                  "uuid": "6c7ed684-b6ff-4dfd-9e6f-f11179b3b760",
                  "parentUUID": "ce00dc81-b57c-49b5-9a93-62508de6fe7f",
                  "isHook": false,
                  "skipped": false
                }
              ],
              "suites": [],
              "passes": [
                "eb1d9e7a-9f75-4575-8031-969330c70ca4",
                "6c7ed684-b6ff-4dfd-9e6f-f11179b3b760"
              ],
              "failures": [],
              "pending": [],
              "skipped": [],
              "duration": 257,
              "root": false,
              "rootEmpty": false,
              "_timeout": 30000
            },
            {
              "uuid": "4a7bb460-edc2-4226-adb4-38142433b4fb",
              "title": "/POST postPayOrder",
              "fullFile": "C:\\Users\\USUARIO\\Documents\\empresa\\mochileros 3.0\\api\\test\\testApi\\wallets.js",
              "file": "\\test\\testApi\\wallets.js",
              "beforeHooks": [],
              "afterHooks": [],
              "tests": [
                {
                  "title": "it should NOT POST  without params",
                  "fullTitle": "*********** WALLETS_USERS *********** /POST postPayOrder it should NOT POST  without params",
                  "timedOut": false,
                  "duration": 90,
                  "state": "passed",
                  "speed": "slow",
                  "pass": true,
                  "fail": false,
                  "pending": false,
                  "context": null,
                  "code": "const orderPost = {\n  token: TokenCard\n}\nchai\n  .request(server)\n  .post(`${url}/stripe`)\n  .set('Authorization', `Bearer ${token}`)\n  .send(orderPost)\n  .end((err, res) => {\n    const { body } = res\n    res.should.have.status(422)\n    body.should.be.a('object')\n    body.should.have.property('errors')\n    const { errors } = body\n    errors.should.be.a('object')\n    errors.msg.should.be.a('array').length(2)\n    // errors[0].should.have.property('msg').eql('Invalid integer: NaN')\n    done()\n  })",
                  "err": {},
                  "uuid": "37c5d6ef-f51e-4f74-8522-628f3f64d242",
                  "parentUUID": "4a7bb460-edc2-4226-adb4-38142433b4fb",
                  "isHook": false,
                  "skipped": false
                },
                {
                  "title": "it should POST a Stripe with amount ",
                  "fullTitle": "*********** WALLETS_USERS *********** /POST postPayOrder it should POST a Stripe with amount ",
                  "timedOut": false,
                  "duration": 3225,
                  "state": "passed",
                  "speed": "slow",
                  "pass": true,
                  "fail": false,
                  "pending": false,
                  "context": null,
                  "code": "const orderPost = {\n  token: TokenCard,\n  amount: price,\n  pk\n}\nchai\n  .request(server)\n  .post(`${url}/stripe`)\n  .set('Authorization', `Bearer ${token}`)\n  .send(orderPost)\n  .end((err, res) => {\n    res.should.have.status(201)\n    res.body.should.be.a('object')\n    res.body.should.include.keys('id', 'client_secret')\n    const customData = res.body\n    chai\n      .request(server)\n      .patch(`${url}/payorders/${res.body.id}`)\n      .set('Authorization', `Bearer ${token}`)\n      .send(customData)\n      .end((error, result) => {\n        const { body } = result\n        result.should.have.status(200)\n        body.should.be.a('object')\n        body.should.include.keys('_id', 'idOperation')\n        body.should.have.property('status').eql('succeeded')\n        body.should.have.property('idOperation').eql(res.body.id)\n        body.should.have.property('amount').to.be.a('Number')\n        body.should.have.property('amount').eql(price)\n        done()\n      })\n  })",
                  "err": {},
                  "uuid": "af72f17e-0983-4d49-a909-270f7bd76a4e",
                  "parentUUID": "4a7bb460-edc2-4226-adb4-38142433b4fb",
                  "isHook": false,
                  "skipped": false
                }
              ],
              "suites": [],
              "passes": [
                "37c5d6ef-f51e-4f74-8522-628f3f64d242",
                "af72f17e-0983-4d49-a909-270f7bd76a4e"
              ],
              "failures": [],
              "pending": [],
              "skipped": [],
              "duration": 3315,
              "root": false,
              "rootEmpty": false,
              "_timeout": 30000
            }
          ],
          "passes": [],
          "failures": [],
          "pending": [],
          "skipped": [],
          "duration": 0,
          "root": false,
          "rootEmpty": false,
          "_timeout": 30000
        }
      ],
      "passes": [],
      "failures": [],
      "pending": [],
      "skipped": [],
      "duration": 0,
      "root": true,
      "rootEmpty": true,
      "_timeout": 30000
    }
  ],
  "meta": {
    "mocha": {
      "version": "8.3.2"
    },
    "mochawesome": {
      "options": {
        "quiet": false,
        "reportFilename": "mochawesome",
        "saveHtml": true,
        "saveJson": true,
        "consoleReporter": "spec",
        "useInlineDiffs": false,
        "code": true
      },
      "version": "6.2.2"
    },
    "marge": {
      "options": null,
      "version": "5.2.0"
    }
  }
}